<?xml version="1.0" encoding="UTF-8"?>
<testng-results skipped="0" failed="0" total="0" passed="0">
  <reporter-output>
  </reporter-output>
  <suite name="example suite 1" duration-ms="7" started-at="2019-12-07T15:05:29Z" finished-at="2019-12-07T15:05:29Z">
    <groups>
    </groups>
    <test name="Regression suite 1" duration-ms="7" started-at="2019-12-07T15:05:29Z" finished-at="2019-12-07T15:05:29Z">
    </test> <!-- Regression suite 1 -->
  </suite> <!-- example suite 1 -->
</testng-results>
