[
  {
    "line": 1,
    "elements": [
      {
        "line": 3,
        "name": "To perform wait operation on a element",
        "description": "",
        "id": "to-validate-wait-and-clicking-on-element;to-perform-wait-operation-on-a-element",
        "type": "scenario",
        "keyword": "Scenario",
        "steps": [
          {
            "result": {
              "duration": 6243542832,
              "status": "passed"
            },
            "line": 4,
            "name": "I login to WebDriver University Accordion portal",
            "match": {
              "location": "Accordion.i_login_to_WebDriver_University_Accordion_portal()"
            },
            "keyword": "Given "
          },
          {
            "result": {
              "duration": 10216420936,
              "status": "passed"
            },
            "line": 5,
            "name": "I click Manual menu",
            "match": {
              "location": "Accordion.i_click_Manual_menu()"
            },
            "keyword": "And "
          }
        ]
      }
    ],
    "name": "To validate wait and clicking on element",
    "description": "",
    "id": "to-validate-wait-and-clicking-on-element",
    "keyword": "Feature",
    "uri": "Accordion.feature"
  },
  {
    "line": 1,
    "elements": [
      {
        "line": 3,
        "name": "To perform wait operation on a Ajax element",
        "description": "",
        "id": "to-validate-ajax-loader;to-perform-wait-operation-on-a-ajax-element",
        "type": "scenario",
        "keyword": "Scenario",
        "steps": [
          {
            "result": {
              "duration": 1329186279,
              "status": "passed"
            },
            "line": 4,
            "name": "I login to WebDriver University Ajax portal",
            "match": {
              "location": "AjaxLoader.i_login_to_WebDriver_University_Ajax_portal()"
            },
            "keyword": "Given "
          },
          {
            "result": {
              "duration": 8380928102,
              "status": "passed"
            },
            "line": 5,
            "name": "I click on CLICK ME button after waiting",
            "match": {
              "location": "AjaxLoader.i_click_on_CLICK_ME_button_after_waiting()"
            },
            "keyword": "And "
          }
        ]
      }
    ],
    "name": "To validate Ajax Loader",
    "description": "",
    "id": "to-validate-ajax-loader",
    "keyword": "Feature",
    "uri": "AjaxLoader.feature"
  },
  {
    "line": 1,
    "elements": [
      {
        "line": 3,
        "name": "To perform alert pops operation on a element",
        "description": "",
        "id": "to-validate-alert-popups-of-web-page-and-click-on-element;to-perform-alert-pops-operation-on-a-element",
        "type": "scenario",
        "keyword": "Scenario",
        "steps": [
          {
            "result": {
              "duration": 91446962,
              "error_message": "org.openqa.selenium.NoAlertPresentException: no such alert\n  (Session info: chrome\u003d78.0.3904.108)\nBuild info: version: \u00273.4.0\u0027, revision: \u0027unknown\u0027, time: \u0027unknown\u0027\nSystem info: host: \u0027LAPTOP-TSGHC0BG\u0027, ip: \u0027192.168.0.130\u0027, os.name: \u0027Windows 10\u0027, os.arch: \u0027amd64\u0027, os.version: \u002710.0\u0027, java.version: \u00271.8.0_111\u0027\nDriver info: org.openqa.selenium.chrome.ChromeDriver\nCapabilities [{networkConnectionEnabled\u003dfalse, chrome\u003d{chromedriverVersion\u003d78.0.3904.105 (60e2d8774a8151efa6a00b1f358371b1e0e07ee2-refs/branch-heads/3904@{#877}), userDataDir\u003dC:\\Users\\RISHIK~1\\AppData\\Local\\Temp\\scoped_dir15776_1518077125}, timeouts\u003d{implicit\u003d0.0, pageLoad\u003d300000.0, script\u003d30000.0}, pageLoadStrategy\u003dnormal, unhandledPromptBehavior\u003ddismiss and notify, strictFileInteractability\u003dfalse, platform\u003dANY, proxy\u003dProxy(), goog:chromeOptions\u003d{debuggerAddress\u003dlocalhost:62481}, acceptInsecureCerts\u003dfalse, browserVersion\u003d78.0.3904.108, browserName\u003dchrome, javascriptEnabled\u003dtrue, platformName\u003dwindows nt, setWindowRect\u003dtrue}]\nSession ID: d2d2ee96a243b4d495538ff3d48c7464\r\n\tat sun.reflect.NativeConstructorAccessorImpl.newInstance0(Native Method)\r\n\tat sun.reflect.NativeConstructorAccessorImpl.newInstance(NativeConstructorAccessorImpl.java:62)\r\n\tat sun.reflect.DelegatingConstructorAccessorImpl.newInstance(DelegatingConstructorAccessorImpl.java:45)\r\n\tat java.lang.reflect.Constructor.newInstance(Constructor.java:423)\r\n\tat org.openqa.selenium.remote.http.W3CHttpResponseCodec.createException(W3CHttpResponseCodec.java:150)\r\n\tat org.openqa.selenium.remote.http.W3CHttpResponseCodec.decode(W3CHttpResponseCodec.java:115)\r\n\tat org.openqa.selenium.remote.http.W3CHttpResponseCodec.decode(W3CHttpResponseCodec.java:45)\r\n\tat org.openqa.selenium.remote.HttpCommandExecutor.execute(HttpCommandExecutor.java:164)\r\n\tat org.openqa.selenium.remote.service.DriverCommandExecutor.execute(DriverCommandExecutor.java:82)\r\n\tat org.openqa.selenium.remote.RemoteWebDriver.execute(RemoteWebDriver.java:637)\r\n\tat org.openqa.selenium.remote.RemoteWebDriver.execute(RemoteWebDriver.java:694)\r\n\tat org.openqa.selenium.remote.RemoteWebDriver$RemoteTargetLocator.alert(RemoteWebDriver.java:1020)\r\n\tat steps.AlertPopups.\u003cinit\u003e(AlertPopups.java:12)\r\n\tat sun.reflect.NativeConstructorAccessorImpl.newInstance0(Native Method)\r\n\tat sun.reflect.NativeConstructorAccessorImpl.newInstance(NativeConstructorAccessorImpl.java:62)\r\n\tat sun.reflect.DelegatingConstructorAccessorImpl.newInstance(DelegatingConstructorAccessorImpl.java:45)\r\n\tat java.lang.reflect.Constructor.newInstance(Constructor.java:423)\r\n\tat org.picocontainer.injectors.AbstractInjector.newInstance(AbstractInjector.java:145)\r\n\tat org.picocontainer.injectors.ConstructorInjector$1.run(ConstructorInjector.java:342)\r\n\tat org.picocontainer.injectors.AbstractInjector$ThreadLocalCyclicDependencyGuard.observe(AbstractInjector.java:270)\r\n\tat org.picocontainer.injectors.ConstructorInjector.getComponentInstance(ConstructorInjector.java:364)\r\n\tat org.picocontainer.injectors.AbstractInjectionFactory$LifecycleAdapter.getComponentInstance(AbstractInjectionFactory.java:56)\r\n\tat org.picocontainer.behaviors.AbstractBehavior.getComponentInstance(AbstractBehavior.java:64)\r\n\tat org.picocontainer.behaviors.Stored.getComponentInstance(Stored.java:91)\r\n\tat org.picocontainer.DefaultPicoContainer.getInstance(DefaultPicoContainer.java:699)\r\n\tat org.picocontainer.DefaultPicoContainer.getComponent(DefaultPicoContainer.java:647)\r\n\tat org.picocontainer.DefaultPicoContainer.getComponent(DefaultPicoContainer.java:678)\r\n\tat cucumber.runtime.java.picocontainer.PicoFactory.getInstance(PicoFactory.java:40)\r\n\tat cucumber.runtime.java.JavaStepDefinition.execute(JavaStepDefinition.java:38)\r\n\tat cucumber.runtime.StepDefinitionMatch.runStep(StepDefinitionMatch.java:37)\r\n\tat cucumber.runtime.Runtime.runStep(Runtime.java:300)\r\n\tat cucumber.runtime.model.StepContainer.runStep(StepContainer.java:44)\r\n\tat cucumber.runtime.model.StepContainer.runSteps(StepContainer.java:39)\r\n\tat cucumber.runtime.model.CucumberScenario.run(CucumberScenario.java:44)\r\n\tat cucumber.runtime.model.CucumberFeature.run(CucumberFeature.java:165)\r\n\tat cucumber.api.testng.TestNGCucumberRunner.runCucumber(TestNGCucumberRunner.java:63)\r\n\tat cucumber.api.testng.AbstractTestNGCucumberTests.feature(AbstractTestNGCucumberTests.java:21)\r\n\tat sun.reflect.NativeMethodAccessorImpl.invoke0(Native Method)\r\n\tat sun.reflect.NativeMethodAccessorImpl.invoke(NativeMethodAccessorImpl.java:62)\r\n\tat sun.reflect.DelegatingMethodAccessorImpl.invoke(DelegatingMethodAccessorImpl.java:43)\r\n\tat java.lang.reflect.Method.invoke(Method.java:498)\r\n\tat org.testng.internal.MethodInvocationHelper.invokeMethod(MethodInvocationHelper.java:86)\r\n\tat org.testng.internal.Invoker.invokeMethod(Invoker.java:643)\r\n\tat org.testng.internal.Invoker.invokeTestMethod(Invoker.java:820)\r\n\tat org.testng.internal.Invoker.invokeTestMethods(Invoker.java:1128)\r\n\tat org.testng.internal.TestMethodWorker.invokeTestMethods(TestMethodWorker.java:129)\r\n\tat org.testng.internal.TestMethodWorker.run(TestMethodWorker.java:112)\r\n\tat org.testng.TestRunner.privateRun(TestRunner.java:782)\r\n\tat org.testng.TestRunner.run(TestRunner.java:632)\r\n\tat org.testng.SuiteRunner.runTest(SuiteRunner.java:366)\r\n\tat org.testng.SuiteRunner.runSequentially(SuiteRunner.java:361)\r\n\tat org.testng.SuiteRunner.privateRun(SuiteRunner.java:319)\r\n\tat org.testng.SuiteRunner.run(SuiteRunner.java:268)\r\n\tat org.testng.SuiteRunnerWorker.runSuite(SuiteRunnerWorker.java:52)\r\n\tat org.testng.SuiteRunnerWorker.run(SuiteRunnerWorker.java:86)\r\n\tat org.testng.TestNG.runSuitesSequentially(TestNG.java:1244)\r\n\tat org.testng.TestNG.runSuitesLocally(TestNG.java:1169)\r\n\tat org.testng.TestNG.run(TestNG.java:1064)\r\n\tat org.testng.remote.AbstractRemoteTestNG.run(AbstractRemoteTestNG.java:114)\r\n\tat org.testng.remote.RemoteTestNG.initAndRun(RemoteTestNG.java:251)\r\n\tat org.testng.remote.RemoteTestNG.main(RemoteTestNG.java:77)\r\n\tat ✽.Given I login to WebDriver University Alerts portal(AlertAndPopups.feature:4)\r\n",
              "status": "failed"
            },
            "line": 4,
            "name": "I login to WebDriver University Alerts portal",
            "match": {
              "location": "AlertPopups.i_login_to_WebDriver_University_Alerts_portal()"
            },
            "keyword": "Given "
          }
        ]
      }
    ],
    "name": "To validate alert popups of web page and click on element",
    "description": "",
    "id": "to-validate-alert-popups-of-web-page-and-click-on-element",
    "keyword": "Feature",
    "uri": "AlertAndPopups.feature"
  },
  {
    "line": 1,
    "elements": [
      {
        "line": 3,
        "name": "To contact using submit form",
        "description": "",
        "id": "contact-us-using-submit-form;to-contact-using-submit-form",
        "type": "scenario",
        "keyword": "Scenario",
        "steps": [
          {
            "result": {
              "duration": 455583612,
              "status": "passed"
            },
            "line": 5,
            "name": "I access contact page url",
            "match": {
              "location": "ContactUs.i_access_contact_page_url()"
            },
            "keyword": "Given "
          },
          {
            "result": {
              "duration": 287127222,
              "status": "passed"
            },
            "line": 6,
            "name": "I enter first name",
            "match": {
              "location": "ContactUs.i_enter_first_name()"
            },
            "keyword": "And "
          },
          {
            "result": {
              "duration": 181265765,
              "status": "passed"
            },
            "line": 7,
            "name": "I enter last name",
            "match": {
              "location": "ContactUs.i_enter_last_name()"
            },
            "keyword": "And "
          },
          {
            "result": {
              "duration": 273685527,
              "status": "passed"
            },
            "line": 8,
            "name": "I enter valid email",
            "match": {
              "location": "ContactUs.i_enter_valid_email()"
            },
            "keyword": "And "
          },
          {
            "result": {
              "duration": 314901918,
              "status": "passed"
            },
            "line": 9,
            "name": "I enter comments",
            "match": {
              "location": "ContactUs.i_enter_comments()"
            },
            "keyword": "And "
          },
          {
            "result": {
              "duration": 11166675485,
              "status": "passed"
            },
            "line": 10,
            "name": "I click on Submit",
            "match": {
              "location": "ContactUs.i_click_on_SUBMIT_button()"
            },
            "keyword": "When "
          },
          {
            "result": {
              "duration": 115168755,
              "error_message": "java.lang.AssertionError: expected [Thank You for your Message!123] but found [Thank You for your Message!]\r\n\tat org.testng.Assert.fail(Assert.java:94)\r\n\tat org.testng.Assert.failNotEquals(Assert.java:513)\r\n\tat org.testng.Assert.assertEqualsImpl(Assert.java:135)\r\n\tat org.testng.Assert.assertEquals(Assert.java:116)\r\n\tat org.testng.Assert.assertEquals(Assert.java:190)\r\n\tat org.testng.Assert.assertEquals(Assert.java:200)\r\n\tat pageObjects.ContactUs_Page.conntactUsConfirmation(ContactUs_Page.java:66)\r\n\tat steps.ContactUs.information_should_be_succcessfully_submitted(ContactUs.java:70)\r\n\tat ✽.Then Form should be submitted successfully(ContactUs.feature:11)\r\n",
              "status": "failed"
            },
            "line": 11,
            "name": "Form should be submitted successfully",
            "match": {
              "location": "ContactUs.information_should_be_succcessfully_submitted()"
            },
            "keyword": "Then "
          }
        ]
      }
    ],
    "name": "Contact Us using submit form",
    "description": "",
    "id": "contact-us-using-submit-form",
    "keyword": "Feature",
    "uri": "ContactUs.feature"
  },
  {
    "line": 1,
    "elements": [
      {
        "line": 3,
        "name": "To perform various mouse actions on a web element",
        "description": "",
        "id": "to-validate-drag-and-drop-actions;to-perform-various-mouse-actions-on-a-web-element",
        "type": "scenario",
        "keyword": "Scenario",
        "steps": [
          {
            "result": {
              "duration": 3890522120,
              "status": "passed"
            },
            "line": 4,
            "name": "I login to WebDriver University drag and drop portal",
            "match": {
              "location": "DragAndDrop.i_login_to_WebDriver_University_drag_and_drop_portal()"
            },
            "keyword": "Given "
          },
          {
            "result": {
              "duration": 3425433237,
              "status": "passed"
            },
            "line": 5,
            "name": "drag and drop a web element",
            "match": {
              "location": "DragAndDrop.drag_and_drop_a_web_element()"
            },
            "keyword": "And "
          },
          {
            "result": {
              "duration": 139609054,
              "status": "passed"
            },
            "line": 6,
            "name": "double click on web element",
            "match": {
              "location": "DragAndDrop.double_click_on_web_element()"
            },
            "keyword": "And "
          },
          {
            "result": {
              "duration": 307455737,
              "status": "passed"
            },
            "line": 7,
            "name": "perform mouse hover",
            "match": {
              "location": "DragAndDrop.perform_mouse_hover()"
            },
            "keyword": "And "
          },
          {
            "result": {
              "duration": 3169527749,
              "status": "passed"
            },
            "line": 8,
            "name": "click and hold on a web element",
            "match": {
              "location": "DragAndDrop.click_and_hold_on_a_web_element()"
            },
            "keyword": "And "
          }
        ]
      }
    ],
    "name": "To validate drag and drop actions",
    "description": "",
    "id": "to-validate-drag-and-drop-actions",
    "keyword": "Feature",
    "uri": "DragAndDrop.feature"
  },
  {
    "line": 1,
    "elements": [
      {
        "line": 3,
        "name": "To perform scrolling operation on a element",
        "description": "",
        "id": "to-validate-scrolling-of-web-page-and-click-on-element;to-perform-scrolling-operation-on-a-element",
        "type": "scenario",
        "keyword": "Scenario",
        "steps": [
          {
            "result": {
              "duration": 3727237352,
              "status": "passed"
            },
            "line": 4,
            "name": "I login to WebDriver University Scrolling portal",
            "match": {
              "location": "Scroll_Down.i_login_to_WebDriver_University_Scrolling_portal()"
            },
            "keyword": "Given "
          },
          {
            "result": {
              "duration": 3016800412,
              "status": "passed"
            },
            "line": 5,
            "name": "I scroll down to bottom of the page",
            "match": {
              "location": "Scroll_Down.i_scroll_down_to_bottom_of_the_page()"
            },
            "keyword": "And "
          },
          {
            "result": {
              "duration": 3480797456,
              "status": "passed"
            },
            "line": 6,
            "name": "I read the text box",
            "match": {
              "location": "Scroll_Down.i_read_the_text_box()"
            },
            "keyword": "And "
          }
        ]
      }
    ],
    "name": "To validate scrolling of web page and click on element",
    "description": "",
    "id": "to-validate-scrolling-of-web-page-and-click-on-element",
    "keyword": "Feature",
    "uri": "Scrolling.feature"
  },
  {
    "line": 1,
    "elements": [
      {
        "line": 3,
        "name": "To perform various to do operation using Actions",
        "description": "",
        "id": "to-validate-todo-features-scenarios-using-selenium-commands;to-perform-various-to-do-operation-using-actions",
        "type": "scenario",
        "keyword": "Scenario",
        "steps": [
          {
            "result": {
              "duration": 932688270,
              "status": "passed"
            },
            "line": 4,
            "name": "I login to WebDriver University Actions portal",
            "match": {
              "location": "ToDo.i_login_to_WebDriver_University_Actions_portal()"
            },
            "keyword": "Given "
          },
          {
            "result": {
              "duration": 68773061,
              "status": "passed"
            },
            "line": 5,
            "name": "I click on to add new Todo",
            "match": {
              "location": "ToDo.i_click_on_to_add_new_Todo()"
            },
            "keyword": "And "
          },
          {
            "result": {
              "duration": 5162019275,
              "status": "passed"
            },
            "line": 6,
            "name": "I save the ToDo",
            "match": {
              "location": "ToDo.i_save_the_ToDo()"
            },
            "keyword": "And "
          },
          {
            "result": {
              "duration": 3140557107,
              "status": "passed"
            },
            "line": 7,
            "name": "I highlight the added ToDo",
            "match": {
              "location": "ToDo.i_highlight_the_added_ToDo()"
            },
            "keyword": "And "
          },
          {
            "result": {
              "duration": 3066707143,
              "status": "passed"
            },
            "line": 8,
            "name": "I delete the added ToDo",
            "match": {
              "location": "ToDo.i_delete_the_added_ToDo()"
            },
            "keyword": "And "
          },
          {
            "result": {
              "duration": 3060133922,
              "status": "passed"
            },
            "line": 9,
            "name": "I click on plus symbol",
            "match": {
              "location": "ToDo.i_click_on_plus_symbol()"
            },
            "keyword": "And "
          }
        ]
      }
    ],
    "name": "To validate ToDo features scenarios using Selenium commands",
    "description": "",
    "id": "to-validate-todo-features-scenarios-using-selenium-commands",
    "keyword": "Feature",
    "uri": "ToDoList.feature"
  },
  {
    "line": 1,
    "elements": [
      {
        "line": 3,
        "name": "To buy the product successfully",
        "description": "",
        "id": "log-in-and-buy-the-product;to-buy-the-product-successfully",
        "type": "scenario",
        "keyword": "Scenario",
        "steps": [
          {
            "result": {
              "duration": 1206102011,
              "status": "passed"
            },
            "line": 5,
            "name": "I access webdriveruniversity WebDriverUniversity url",
            "match": {
              "location": "ViewProduct.i_access_webdriveruniversity_WebDriverUniversity_url()"
            },
            "keyword": "Given "
          },
          {
            "result": {
              "duration": 719795866,
              "status": "passed"
            },
            "line": 6,
            "name": "I click to view special offers",
            "match": {
              "location": "ViewProduct.i_click_to_view_special_offers()"
            },
            "keyword": "And "
          },
          {
            "result": {
              "duration": 38885087,
              "status": "passed"
            },
            "line": 7,
            "name": "I read the voucher code",
            "match": {
              "location": "ViewProduct.i_read_the_voucher_code()"
            },
            "keyword": "And "
          },
          {
            "result": {
              "duration": 5822407831,
              "status": "passed"
            },
            "line": 8,
            "name": "I cick on proceed to move further",
            "match": {
              "location": "ViewProduct.i_cick_on_proceed_to_move_further()"
            },
            "keyword": "Then "
          }
        ]
      }
    ],
    "name": "Log in and buy the product",
    "description": "",
    "id": "log-in-and-buy-the-product",
    "keyword": "Feature",
    "uri": "ViewProduct.feature"
  },
  {
    "line": 1,
    "elements": [
      {
        "line": 3,
        "name": "To perform various click operation using WebElement click",
        "description": "",
        "id": "to-validate-the-click-scenarios-using-selenium-commands;to-perform-various-click-operation-using-webelement-click",
        "type": "scenario",
        "keyword": "Scenario",
        "steps": [
          {
            "result": {
              "duration": 5140499507,
              "status": "passed"
            },
            "line": 4,
            "name": "I login to WebDriver University portal",
            "match": {
              "location": "ButtonClick.i_login_to_WebDriver_University_portal()"
            },
            "keyword": "Given "
          },
          {
            "result": {
              "duration": 5179435793,
              "status": "passed"
            },
            "line": 5,
            "name": "I click on Button Clicks option",
            "match": {
              "location": "ButtonClick.i_click_on_Button_Clicks_option()"
            },
            "keyword": "And "
          },
          {
            "result": {
              "duration": 4245273817,
              "status": "passed"
            },
            "line": 6,
            "name": "I click on Web Element click",
            "match": {
              "location": "ButtonClick.i_click_on_Web_Element_click()"
            },
            "keyword": "And "
          },
          {
            "result": {
              "duration": 3155159334,
              "error_message": "org.openqa.selenium.JavascriptException: javascript error: missing ) after argument list\n  (Session info: chrome\u003d78.0.3904.108)\nBuild info: version: \u00273.4.0\u0027, revision: \u0027unknown\u0027, time: \u0027unknown\u0027\nSystem info: host: \u0027LAPTOP-TSGHC0BG\u0027, ip: \u0027192.168.0.130\u0027, os.name: \u0027Windows 10\u0027, os.arch: \u0027amd64\u0027, os.version: \u002710.0\u0027, java.version: \u00271.8.0_111\u0027\nDriver info: org.openqa.selenium.chrome.ChromeDriver\nCapabilities [{networkConnectionEnabled\u003dfalse, chrome\u003d{chromedriverVersion\u003d78.0.3904.105 (60e2d8774a8151efa6a00b1f358371b1e0e07ee2-refs/branch-heads/3904@{#877}), userDataDir\u003dC:\\Users\\RISHIK~1\\AppData\\Local\\Temp\\scoped_dir15776_1518077125}, timeouts\u003d{implicit\u003d0.0, pageLoad\u003d300000.0, script\u003d30000.0}, pageLoadStrategy\u003dnormal, unhandledPromptBehavior\u003ddismiss and notify, strictFileInteractability\u003dfalse, platform\u003dANY, proxy\u003dProxy(), goog:chromeOptions\u003d{debuggerAddress\u003dlocalhost:62481}, acceptInsecureCerts\u003dfalse, browserVersion\u003d78.0.3904.108, browserName\u003dchrome, javascriptEnabled\u003dtrue, platformName\u003dwindows nt, setWindowRect\u003dtrue}]\nSession ID: d2d2ee96a243b4d495538ff3d48c7464\r\n\tat sun.reflect.NativeConstructorAccessorImpl.newInstance0(Native Method)\r\n\tat sun.reflect.NativeConstructorAccessorImpl.newInstance(NativeConstructorAccessorImpl.java:62)\r\n\tat sun.reflect.DelegatingConstructorAccessorImpl.newInstance(DelegatingConstructorAccessorImpl.java:45)\r\n\tat java.lang.reflect.Constructor.newInstance(Constructor.java:423)\r\n\tat org.openqa.selenium.remote.http.W3CHttpResponseCodec.createException(W3CHttpResponseCodec.java:150)\r\n\tat org.openqa.selenium.remote.http.W3CHttpResponseCodec.decode(W3CHttpResponseCodec.java:115)\r\n\tat org.openqa.selenium.remote.http.W3CHttpResponseCodec.decode(W3CHttpResponseCodec.java:45)\r\n\tat org.openqa.selenium.remote.HttpCommandExecutor.execute(HttpCommandExecutor.java:164)\r\n\tat org.openqa.selenium.remote.service.DriverCommandExecutor.execute(DriverCommandExecutor.java:82)\r\n\tat org.openqa.selenium.remote.RemoteWebDriver.execute(RemoteWebDriver.java:637)\r\n\tat org.openqa.selenium.remote.RemoteWebDriver.executeScript(RemoteWebDriver.java:573)\r\n\tat steps.ButtonClick.i_click_on_Java_Script_click(ButtonClick.java:65)\r\n\tat ✽.And I click on Java Script click(button_click.feature:7)\r\n",
              "status": "failed"
            },
            "line": 7,
            "name": "I click on Java Script click",
            "match": {
              "location": "ButtonClick.i_click_on_Java_Script_click()"
            },
            "keyword": "And "
          },
          {
            "result": {
              "status": "skipped"
            },
            "line": 8,
            "name": "I click on Actions click",
            "match": {
              "location": "ButtonClick.i_click_on_Actions_click()"
            },
            "keyword": "And "
          }
        ]
      }
    ],
    "name": "To validate the click scenarios using Selenium commands",
    "description": "",
    "id": "to-validate-the-click-scenarios-using-selenium-commands",
    "keyword": "Feature",
    "uri": "button_click.feature"
  }
]